{'timestamp': '2026-04-07T19:10:09', 'level': 'warning', 'event_type': 'risk_detected', 'message': 'Обнаружен риск medium: night_operation', 'client_id': 'C003', 'account_id': '4496AE4F', 'transaction_id': '1D79270137', 'risk_level': 'medium', 'metadata': {'triggers': ['night_operation']}}
{'timestamp': '2026-04-07T19:10:09', 'level': 'info', 'event_type': 'transaction_completed', 'message': 'Транзакция успешно выполнена.', 'client_id': 'C003', 'account_id': '4496AE4F', 'transaction_id': '1D79270137', 'risk_level': None, 'metadata': {}}
{'timestamp': '2026-04-07T19:10:09', 'level': 'info', 'event_type': 'transaction_completed', 'message': 'Транзакция успешно выполнена.', 'client_id': 'C002', 'account_id': 'D8796754', 'transaction_id': '2DC01C3B1C', 'risk_level': None, 'metadata': {}}
{'timestamp': '2026-04-07T19:10:09', 'level': 'info', 'event_type': 'transaction_completed', 'message': 'Транзакция успешно выполнена.', 'client_id': 'C006', 'account_id': 'D73BEF52', 'transaction_id': '0010A6817F', 'risk_level': None, 'metadata': {}}
{'timestamp': '2026-04-07T19:10:09', 'level': 'critical', 'event_type': 'risk_detected', 'message': 'Обнаружен риск high: large_amount, new_receiver', 'client_id': 'C002', 'account_id': '3783A10F', 'transaction_id': '7E2BCE416F', 'risk_level': 'high', 'metadata': {'triggers': ['large_amount', 'new_receiver']}}
{'timestamp': '2026-04-07T19:10:09', 'level': 'critical', 'event_type': 'transaction_blocked', 'message': 'Операция заблокирована как опасная.', 'client_id': 'C002', 'account_id': '3783A10F', 'transaction_id': '7E2BCE416F', 'risk_level': 'high', 'metadata': {'triggers': ['large_amount', 'new_receiver']}}
{'timestamp': '2026-04-07T19:10:09', 'level': 'info', 'event_type': 'transaction_completed', 'message': 'Транзакция успешно выполнена.', 'client_id': 'C001', 'account_id': '298A252F', 'transaction_id': '4CCC982CDA', 'risk_level': None, 'metadata': {}}
{'timestamp': '2026-04-07T19:10:09', 'level': 'critical', 'event_type': 'risk_detected', 'message': 'Обнаружен риск high: large_amount, night_operation', 'client_id': 'C003', 'account_id': '4496AE4F', 'transaction_id': '3BEE7FDEF1', 'risk_level': 'high', 'metadata': {'triggers': ['large_amount', 'night_operation']}}
{'timestamp': '2026-04-07T19:10:09', 'level': 'critical', 'event_type': 'transaction_blocked', 'message': 'Операция заблокирована как опасная.', 'client_id': 'C003', 'account_id': '4496AE4F', 'transaction_id': '3BEE7FDEF1', 'risk_level': 'high', 'metadata': {'triggers': ['large_amount', 'night_operation']}}
{'timestamp': '2026-04-07T19:10:09', 'level': 'info', 'event_type': 'transaction_completed', 'message': 'Транзакция успешно выполнена.', 'client_id': 'C001', 'account_id': '298A252F', 'transaction_id': 'D15232741C', 'risk_level': None, 'metadata': {}}
{'timestamp': '2026-04-07T19:10:09', 'level': 'warning', 'event_type': 'risk_detected', 'message': 'Обнаружен риск medium: new_receiver', 'client_id': 'C005', 'account_id': '22C47B93', 'transaction_id': 'BEE338F578', 'risk_level': 'medium', 'metadata': {'triggers': ['new_receiver']}}
{'timestamp': '2026-04-07T19:10:09', 'level': 'info', 'event_type': 'transaction_completed', 'message': 'Транзакция успешно выполнена.', 'client_id': 'C005', 'account_id': '22C47B93', 'transaction_id': 'BEE338F578', 'risk_level': None, 'metadata': {}}
{'timestamp': '2026-04-07T19:10:09', 'level': 'warning', 'event_type': 'risk_detected', 'message': 'Обнаружен риск medium: new_receiver', 'client_id': 'C001', 'account_id': '7EE0A546', 'transaction_id': '8F2C2D8185', 'risk_level': 'medium', 'metadata': {'triggers': ['new_receiver']}}
{'timestamp': '2026-04-07T19:10:09', 'level': 'info', 'event_type': 'transaction_completed', 'message': 'Транзакция успешно выполнена.', 'client_id': 'C001', 'account_id': '7EE0A546', 'transaction_id': '8F2C2D8185', 'risk_level': None, 'metadata': {}}
{'timestamp': '2026-04-07T19:10:09', 'level': 'info', 'event_type': 'transaction_completed', 'message': 'Транзакция успешно выполнена.', 'client_id': 'C004', 'account_id': 'A529BE7D', 'transaction_id': 'B659EBAF4A', 'risk_level': None, 'metadata': {}}
{'timestamp': '2026-04-07T19:10:09', 'level': 'warning', 'event_type': 'risk_detected', 'message': 'Обнаружен риск medium: new_receiver', 'client_id': 'C001', 'account_id': '298A252F', 'transaction_id': 'D4DC9DB8A7', 'risk_level': 'medium', 'metadata': {'triggers': ['new_receiver']}}
{'timestamp': '2026-04-07T19:10:09', 'level': 'info', 'event_type': 'transaction_completed', 'message': 'Транзакция успешно выполнена.', 'client_id': 'C001', 'account_id': '298A252F', 'transaction_id': 'D4DC9DB8A7', 'risk_level': None, 'metadata': {}}
{'timestamp': '2026-04-07T19:10:09', 'level': 'info', 'event_type': 'transaction_completed', 'message': 'Транзакция успешно выполнена.', 'client_id': 'C001', 'account_id': '298A252F', 'transaction_id': '862FDE32D5', 'risk_level': None, 'metadata': {}}
{'timestamp': '2026-04-07T19:10:09', 'level': 'warning', 'event_type': 'risk_detected', 'message': 'Обнаружен риск medium: new_receiver', 'client_id': 'C002', 'account_id': '3783A10F', 'transaction_id': '23FCF6A277', 'risk_level': 'medium', 'metadata': {'triggers': ['new_receiver']}}
{'timestamp': '2026-04-07T19:10:09', 'level': 'info', 'event_type': 'transaction_completed', 'message': 'Транзакция успешно выполнена.', 'client_id': 'C002', 'account_id': '3783A10F', 'transaction_id': '23FCF6A277', 'risk_level': None, 'metadata': {}}
{'timestamp': '2026-04-07T19:10:09', 'level': 'info', 'event_type': 'transaction_completed', 'message': 'Транзакция успешно выполнена.', 'client_id': 'C001', 'account_id': '7EE0A546', 'transaction_id': 'CA74EB3CA7', 'risk_level': None, 'metadata': {}}
{'timestamp': '2026-04-07T19:10:09', 'level': 'info', 'event_type': 'transaction_completed', 'message': 'Транзакция успешно выполнена.', 'client_id': 'C003', 'account_id': '15E96606', 'transaction_id': 'F1386E0A64', 'risk_level': None, 'metadata': {}}
{'timestamp': '2026-04-07T19:10:09', 'level': 'warning', 'event_type': 'risk_detected', 'message': 'Обнаружен риск medium: new_receiver', 'client_id': 'C006', 'account_id': '76AFB545', 'transaction_id': '5F92BD81CD', 'risk_level': 'medium', 'metadata': {'triggers': ['new_receiver']}}
{'timestamp': '2026-04-07T19:10:09', 'level': 'info', 'event_type': 'transaction_completed', 'message': 'Транзакция успешно выполнена.', 'client_id': 'C006', 'account_id': '76AFB545', 'transaction_id': '5F92BD81CD', 'risk_level': None, 'metadata': {}}
{'timestamp': '2026-04-07T19:10:09', 'level': 'warning', 'event_type': 'risk_detected', 'message': 'Обнаружен риск medium: frequent_operations', 'client_id': 'C001', 'account_id': '7EE0A546', 'transaction_id': '18285C7534', 'risk_level': 'medium', 'metadata': {'triggers': ['frequent_operations']}}
{'timestamp': '2026-04-07T19:10:09', 'level': 'info', 'event_type': 'transaction_completed', 'message': 'Транзакция успешно выполнена.', 'client_id': 'C001', 'account_id': '7EE0A546', 'transaction_id': '18285C7534', 'risk_level': None, 'metadata': {}}
{'timestamp': '2026-04-07T19:10:09', 'level': 'info', 'event_type': 'transaction_completed', 'message': 'Транзакция успешно выполнена.', 'client_id': 'C003', 'account_id': '4496AE4F', 'transaction_id': '61B826330E', 'risk_level': None, 'metadata': {}}
{'timestamp': '2026-04-07T19:10:09', 'level': 'critical', 'event_type': 'risk_detected', 'message': 'Обнаружен риск high: frequent_operations, new_receiver', 'client_id': 'C001', 'account_id': '7EE0A546', 'transaction_id': 'CDE93F2D2A', 'risk_level': 'high', 'metadata': {'triggers': ['frequent_operations', 'new_receiver']}}
{'timestamp': '2026-04-07T19:10:09', 'level': 'critical', 'event_type': 'transaction_blocked', 'message': 'Операция заблокирована как опасная.', 'client_id': 'C001', 'account_id': '7EE0A546', 'transaction_id': 'CDE93F2D2A', 'risk_level': 'high', 'metadata': {'triggers': ['frequent_operations', 'new_receiver']}}
{'timestamp': '2026-04-07T19:10:09', 'level': 'info', 'event_type': 'transaction_completed', 'message': 'Транзакция успешно выполнена.', 'client_id': 'C002', 'account_id': 'D8796754', 'transaction_id': '59F5C20A88', 'risk_level': None, 'metadata': {}}
{'timestamp': '2026-04-07T19:10:09', 'level': 'critical', 'event_type': 'risk_detected', 'message': 'Обнаружен риск high: large_amount, frequent_operations, new_receiver, night_operation', 'client_id': 'C001', 'account_id': '298A252F', 'transaction_id': 'F930DDBCE8', 'risk_level': 'high', 'metadata': {'triggers': ['large_amount', 'frequent_operations', 'new_receiver', 'night_operation']}}
{'timestamp': '2026-04-07T19:10:09', 'level': 'critical', 'event_type': 'transaction_blocked', 'message': 'Операция заблокирована как опасная.', 'client_id': 'C001', 'account_id': '298A252F', 'transaction_id': 'F930DDBCE8', 'risk_level': 'high', 'metadata': {'triggers': ['large_amount', 'frequent_operations', 'new_receiver', 'night_operation']}}
{'timestamp': '2026-04-07T19:10:09', 'level': 'critical', 'event_type': 'risk_detected', 'message': 'Обнаружен риск high: frequent_operations, night_operation', 'client_id': 'C001', 'account_id': '7EE0A546', 'transaction_id': 'C056B86BEA', 'risk_level': 'high', 'metadata': {'triggers': ['frequent_operations', 'night_operation']}}
{'timestamp': '2026-04-07T19:10:09', 'level': 'critical', 'event_type': 'transaction_blocked', 'message': 'Операция заблокирована как опасная.', 'client_id': 'C001', 'account_id': '7EE0A546', 'transaction_id': 'C056B86BEA', 'risk_level': 'high', 'metadata': {'triggers': ['frequent_operations', 'night_operation']}}
{'timestamp': '2026-04-07T19:10:09', 'level': 'error', 'event_type': 'transaction_failed', 'message': 'Счёт BE1EE6C6 заморожен.', 'client_id': 'C005', 'account_id': 'BE1EE6C6', 'transaction_id': 'C88A4A2DF9', 'risk_level': None, 'metadata': {}}
{'timestamp': '2026-04-07T19:10:09', 'level': 'warning', 'event_type': 'risk_detected', 'message': 'Обнаружен риск medium: new_receiver', 'client_id': 'C005', 'account_id': '22C47B93', 'transaction_id': '9915B10EEB', 'risk_level': 'medium', 'metadata': {'triggers': ['new_receiver']}}
{'timestamp': '2026-04-07T19:10:09', 'level': 'info', 'event_type': 'transaction_completed', 'message': 'Транзакция успешно выполнена.', 'client_id': 'C005', 'account_id': '22C47B93', 'transaction_id': '9915B10EEB', 'risk_level': None, 'metadata': {}}
{'timestamp': '2026-04-07T19:10:09', 'level': 'info', 'event_type': 'transaction_completed', 'message': 'Транзакция успешно выполнена.', 'client_id': 'C002', 'account_id': '3783A10F', 'transaction_id': 'C8A7551F73', 'risk_level': None, 'metadata': {}}
{'timestamp': '2026-04-07T19:10:09', 'level': 'warning', 'event_type': 'risk_detected', 'message': 'Обнаружен риск medium: new_receiver', 'client_id': 'C003', 'account_id': '4496AE4F', 'transaction_id': '46EAB4F59C', 'risk_level': 'medium', 'metadata': {'triggers': ['new_receiver']}}
{'timestamp': '2026-04-07T19:10:09', 'level': 'info', 'event_type': 'transaction_completed', 'message': 'Транзакция успешно выполнена.', 'client_id': 'C003', 'account_id': '4496AE4F', 'transaction_id': '46EAB4F59C', 'risk_level': None, 'metadata': {}}
{'timestamp': '2026-04-07T19:10:09', 'level': 'warning', 'event_type': 'risk_detected', 'message': 'Обнаружен риск medium: large_amount', 'client_id': 'C003', 'account_id': '15E96606', 'transaction_id': 'CD48AF0997', 'risk_level': 'medium', 'metadata': {'triggers': ['large_amount']}}
{'timestamp': '2026-04-07T19:10:09', 'level': 'info', 'event_type': 'transaction_completed', 'message': 'Транзакция успешно выполнена.', 'client_id': 'C003', 'account_id': '15E96606', 'transaction_id': 'CD48AF0997', 'risk_level': None, 'metadata': {}}
{'timestamp': '2026-04-07T19:10:09', 'level': 'warning', 'event_type': 'risk_detected', 'message': 'Обнаружен риск medium: large_amount', 'client_id': 'C006', 'account_id': 'D73BEF52', 'transaction_id': '50F2706F6A', 'risk_level': 'medium', 'metadata': {'triggers': ['large_amount']}}
{'timestamp': '2026-04-07T19:10:09', 'level': 'error', 'event_type': 'transaction_failed', 'message': 'Нельзя опустить баланс ниже минимального остатка 1500.00.', 'client_id': 'C006', 'account_id': 'D73BEF52', 'transaction_id': '50F2706F6A', 'risk_level': None, 'metadata': {}}
{'timestamp': '2026-04-07T19:10:09', 'level': 'info', 'event_type': 'transaction_completed', 'message': 'Транзакция успешно выполнена.', 'client_id': 'C005', 'account_id': '22C47B93', 'transaction_id': '9D9940EBA2', 'risk_level': None, 'metadata': {}}
{'timestamp': '2026-04-07T19:10:09', 'level': 'critical', 'event_type': 'risk_detected', 'message': 'Обнаружен риск high: large_amount, new_receiver', 'client_id': 'C003', 'account_id': '15E96606', 'transaction_id': '3308D08542', 'risk_level': 'high', 'metadata': {'triggers': ['large_amount', 'new_receiver']}}
{'timestamp': '2026-04-07T19:10:09', 'level': 'critical', 'event_type': 'transaction_blocked', 'message': 'Операция заблокирована как опасная.', 'client_id': 'C003', 'account_id': '15E96606', 'transaction_id': '3308D08542', 'risk_level': 'high', 'metadata': {'triggers': ['large_amount', 'new_receiver']}}
{'timestamp': '2026-04-07T19:10:09', 'level': 'info', 'event_type': 'transaction_completed', 'message': 'Транзакция успешно выполнена.', 'client_id': 'C004', 'account_id': 'A529BE7D', 'transaction_id': 'F1B33C2ABC', 'risk_level': None, 'metadata': {}}
{'timestamp': '2026-04-07T19:10:09', 'level': 'warning', 'event_type': 'risk_detected', 'message': 'Обнаружен риск medium: new_receiver', 'client_id': 'C006', 'account_id': '76AFB545', 'transaction_id': '8676079BD1', 'risk_level': 'medium', 'metadata': {'triggers': ['new_receiver']}}
{'timestamp': '2026-04-07T19:10:09', 'level': 'info', 'event_type': 'transaction_completed', 'message': 'Транзакция успешно выполнена.', 'client_id': 'C006', 'account_id': '76AFB545', 'transaction_id': '8676079BD1', 'risk_level': None, 'metadata': {}}
{'timestamp': '2026-04-07T19:10:09', 'level': 'error', 'event_type': 'transaction_failed', 'message': 'Счёт BE1EE6C6 заморожен.', 'client_id': 'C005', 'account_id': 'BE1EE6C6', 'transaction_id': '9733F618CC', 'risk_level': None, 'metadata': {}}
{'timestamp': '2026-04-07T19:10:09', 'level': 'warning', 'event_type': 'risk_detected', 'message': 'Обнаружен риск medium: frequent_operations', 'client_id': 'C005', 'account_id': '22C47B93', 'transaction_id': '43C512677D', 'risk_level': 'medium', 'metadata': {'triggers': ['frequent_operations']}}
{'timestamp': '2026-04-07T19:10:09', 'level': 'info', 'event_type': 'transaction_completed', 'message': 'Транзакция успешно выполнена.', 'client_id': 'C005', 'account_id': '22C47B93', 'transaction_id': '43C512677D', 'risk_level': None, 'metadata': {}}
{'timestamp': '2026-04-07T19:10:09', 'level': 'error', 'event_type': 'transaction_failed', 'message': 'Недостаточно средств с учётом овердрафта: требуется 20325.00, доступно 10435.00.', 'client_id': 'C001', 'account_id': '7EE0A546', 'transaction_id': '74998576C0', 'risk_level': None, 'metadata': {}}
{'timestamp': '2026-04-07T19:10:09', 'level': 'error', 'event_type': 'transaction_failed', 'message': 'Счёт BE1EE6C6 заморожен.', 'client_id': 'C005', 'account_id': 'BE1EE6C6', 'transaction_id': 'C88A4A2DF9', 'risk_level': None, 'metadata': {}}
{'timestamp': '2026-04-07T19:10:09', 'level': 'error', 'event_type': 'transaction_failed', 'message': 'Счёт BE1EE6C6 заморожен.', 'client_id': 'C005', 'account_id': 'BE1EE6C6', 'transaction_id': 'C88A4A2DF9', 'risk_level': None, 'metadata': {}}
